# JRE version: OpenJDK Runtime Environment (8.0_112-b06) (build 1.8.0_112-release-b06)
# Java VM: OpenJDK 64-Bit Server VM (25.112-b06 mixed mode linux-amd64 compressed oops)
Heap:
 PSYoungGen      total 859136K, used 33813K [0x000000076ab00000, 0x00000007a9880000, 0x00000007c0000000)
  eden space 713216K, 0% used [0x000000076ab00000,0x000000076ab00000,0x0000000796380000)
  from space 145920K, 23% used [0x000000079f600000,0x00000007a17057d0,0x00000007a8480000)
  to   space 150016K, 0% used [0x0000000796380000,0x0000000796380000,0x000000079f600000)
 ParOldGen       total 725504K, used 725146K [0x00000006c0000000, 0x00000006ec480000, 0x000000076ab00000)
  object space 725504K, 99% used [0x00000006c0000000,0x00000006ec426bd0,0x00000006ec480000)
 Metaspace       used 6377K, capacity 7280K, committed 7552K, reserved 1056768K
  class space    used 584K, capacity 616K, committed 640K, reserved 1048576K
GC Heap History (10 events):
Event: 174.941 GC heap after
Heap after GC invocations=30 (full 7):
 PSYoungGen      total 632320K, used 73742K [0x000000076ab00000, 0x00000007a0380000, 0x00000007c0000000)
  eden space 496640K, 0% used [0x000000076ab00000,0x000000076ab00000,0x0000000789000000)
  from space 135680K, 54% used [0x0000000789000000,0x000000078d803a50,0x0000000791480000)
  to   space 135168K, 0% used [0x0000000797f80000,0x0000000797f80000,0x00000007a0380000)
 ParOldGen       total 565760K, used 539742K [0x00000006c0000000, 0x00000006e2880000, 0x000000076ab00000)
  object space 565760K, 95% used [0x00000006c0000000,0x00000006e0f17840,0x00000006e2880000)
 Metaspace       used 6375K, capacity 7280K, committed 7552K, reserved 1056768K
  class space    used 584K, capacity 616K, committed 640K, reserved 1048576K
}
Event: 174.941 GC heap before
{Heap before GC invocations=31 (full 8):
 PSYoungGen      total 632320K, used 73742K [0x000000076ab00000, 0x00000007a0380000, 0x00000007c0000000)
  eden space 496640K, 0% used [0x000000076ab00000,0x000000076ab00000,0x0000000789000000)
  from space 135680K, 54% used [0x0000000789000000,0x000000078d803a50,0x0000000791480000)
  to   space 135168K, 0% used [0x0000000797f80000,0x0000000797f80000,0x00000007a0380000)
 ParOldGen       total 565760K, used 539742K [0x00000006c0000000, 0x00000006e2880000, 0x000000076ab00000)
  object space 565760K, 95% used [0x00000006c0000000,0x00000006e0f17840,0x00000006e2880000)
 Metaspace       used 6375K, capacity 7280K, committed 7552K, reserved 1056768K
  class space    used 584K, capacity 616K, committed 640K, reserved 1048576K
Event: 178.971 GC heap after
Heap after GC invocations=31 (full 8):
 PSYoungGen      total 632320K, used 44370K [0x000000076ab00000, 0x00000007a0380000, 0x00000007c0000000)
  eden space 496640K, 0% used [0x000000076ab00000,0x000000076ab00000,0x0000000789000000)
  from space 135680K, 32% used [0x0000000789000000,0x000000078bb54a18,0x0000000791480000)
  to   space 135168K, 0% used [0x0000000797f80000,0x0000000797f80000,0x00000007a0380000)
 ParOldGen       total 725504K, used 565467K [0x00000006c0000000, 0x00000006ec480000, 0x000000076ab00000)
  object space 725504K, 77% used [0x00000006c0000000,0x00000006e2836e30,0x00000006ec480000)
 Metaspace       used 6375K, capacity 7280K, committed 7552K, reserved 1056768K
  class space    used 584K, capacity 616K, committed 640K, reserved 1048576K
}
Event: 181.212 GC heap before
{Heap before GC invocations=32 (full 8):
 PSYoungGen      total 632320K, used 541010K [0x000000076ab00000, 0x00000007a0380000, 0x00000007c0000000)
  eden space 496640K, 100% used [0x000000076ab00000,0x0000000789000000,0x0000000789000000)
  from space 135680K, 32% used [0x0000000789000000,0x000000078bb54a18,0x0000000791480000)
  to   space 135168K, 0% used [0x0000000797f80000,0x0000000797f80000,0x00000007a0380000)
 ParOldGen       total 725504K, used 565467K [0x00000006c0000000, 0x00000006ec480000, 0x000000076ab00000)
  object space 725504K, 77% used [0x00000006c0000000,0x00000006e2836e30,0x00000006ec480000)
 Metaspace       used 6375K, capacity 7280K, committed 7552K, reserved 1056768K
  class space    used 584K, capacity 616K, committed 640K, reserved 1048576K
Event: 191.744 GC heap after
Heap after GC invocations=32 (full 8):
 PSYoungGen      total 726528K, used 116599K [0x000000076ab00000, 0x00000007a3a00000, 0x00000007c0000000)
  eden space 591360K, 0% used [0x000000076ab00000,0x000000076ab00000,0x000000078ec80000)
  from space 135168K, 86% used [0x0000000797f80000,0x000000079f15df20,0x00000007a0380000)
  to   space 150528K, 0% used [0x000000078ec80000,0x000000078ec80000,0x0000000797f80000)
 ParOldGen       total 725504K, used 572379K [0x00000006c0000000, 0x00000006ec480000, 0x000000076ab00000)
  object space 725504K, 78% used [0x00000006c0000000,0x00000006e2ef6e38,0x00000006ec480000)
 Metaspace       used 6375K, capacity 7280K, committed 7552K, reserved 1056768K
  class space    used 584K, capacity 616K, committed 640K, reserved 1048576K
}
Event: 200.164 GC heap before
{Heap before GC invocations=33 (full 8):
 PSYoungGen      total 726528K, used 707959K [0x000000076ab00000, 0x00000007a3a00000, 0x00000007c0000000)
  eden space 591360K, 100% used [0x000000076ab00000,0x000000078ec80000,0x000000078ec80000)
  from space 135168K, 86% used [0x0000000797f80000,0x000000079f15df20,0x00000007a0380000)
  to   space 150528K, 0% used [0x000000078ec80000,0x000000078ec80000,0x0000000797f80000)
 ParOldGen       total 725504K, used 572379K [0x00000006c0000000, 0x00000006ec480000, 0x000000076ab00000)
  object space 725504K, 78% used [0x00000006c0000000,0x00000006e2ef6e38,0x00000006ec480000)
 Metaspace       used 6375K, capacity 7280K, committed 7552K, reserved 1056768K
  class space    used 584K, capacity 616K, committed 640K, reserved 1048576K
Event: 206.208 GC heap after
Heap after GC invocations=33 (full 8):
 PSYoungGen      total 741888K, used 72417K [0x000000076ab00000, 0x00000007a8480000, 0x00000007c0000000)
  eden space 591360K, 0% used [0x000000076ab00000,0x000000076ab00000,0x000000078ec80000)
  from space 150528K, 48% used [0x000000078ec80000,0x0000000793338578,0x0000000797f80000)
  to   space 145920K, 0% used [0x000000079f600000,0x000000079f600000,0x00000007a8480000)
 ParOldGen       total 725504K, used 598988K [0x00000006c0000000, 0x00000006ec480000, 0x000000076ab00000)
  object space 725504K, 82% used [0x00000006c0000000,0x00000006e48f31e0,0x00000006ec480000)
 Metaspace       used 6375K, capacity 7280K, committed 7552K, reserved 1056768K
  class space    used 584K, capacity 616K, committed 640K, reserved 1048576K
}
Event: 217.397 GC heap before
{Heap before GC invocations=34 (full 8):
 PSYoungGen      total 741888K, used 663777K [0x000000076ab00000, 0x00000007a8480000, 0x00000007c0000000)
  eden space 591360K, 100% used [0x000000076ab00000,0x000000078ec80000,0x000000078ec80000)
  from space 150528K, 48% used [0x000000078ec80000,0x0000000793338578,0x0000000797f80000)
  to   space 145920K, 0% used [0x000000079f600000,0x000000079f600000,0x00000007a8480000)
 ParOldGen       total 725504K, used 598988K [0x00000006c0000000, 0x00000006ec480000, 0x000000076ab00000)
  object space 725504K, 82% used [0x00000006c0000000,0x00000006e48f31e0,0x00000006ec480000)
 Metaspace       used 6377K, capacity 7280K, committed 7552K, reserved 1056768K
  class space    used 584K, capacity 616K, committed 640K, reserved 1048576K
Event: 263.971 GC heap after
Heap after GC invocations=34 (full 8):
 PSYoungGen      total 859136K, used 95030K [0x000000076ab00000, 0x00000007a9880000, 0x00000007c0000000)
  eden space 713216K, 0% used [0x000000076ab00000,0x000000076ab00000,0x0000000796380000)
  from space 145920K, 65% used [0x000000079f600000,0x00000007a52cd8b0,0x00000007a8480000)
  to   space 150016K, 0% used [0x0000000796380000,0x0000000796380000,0x000000079f600000)
 ParOldGen       total 725504K, used 670426K [0x00000006c0000000, 0x00000006ec480000, 0x000000076ab00000)
  object space 725504K, 92% used [0x00000006c0000000,0x00000006e8eb6870,0x00000006ec480000)
 Metaspace       used 6377K, capacity 7280K, committed 7552K, reserved 1056768K
  class space    used 584K, capacity 616K, committed 640K, reserved 1048576K
}
Event: 263.972 GC heap before
{Heap before GC invocations=35 (full 9):
 PSYoungGen      total 859136K, used 95030K [0x000000076ab00000, 0x00000007a9880000, 0x00000007c0000000)
  eden space 713216K, 0% used [0x000000076ab00000,0x000000076ab00000,0x0000000796380000)
  from space 145920K, 65% used [0x000000079f600000,0x00000007a52cd8b0,0x00000007a8480000)
  to   space 150016K, 0% used [0x0000000796380000,0x0000000796380000,0x000000079f600000)
 ParOldGen       total 725504K, used 670426K [0x00000006c0000000, 0x00000006ec480000, 0x000000076ab00000)
  object space 725504K, 92% used [0x00000006c0000000,0x00000006e8eb6870,0x00000006ec480000)
 Metaspace       used 6377K, capacity 7280K, committed 7552K, reserved 1056768K
  class space    used 584K, capacity 616K, committed 640K, reserved 1048576K

